Base path: C:/Program Files/Unity/Editor/Data
Pipe name: \\.\pipe\UnityShaderCompiler-64bit-1-6644
Cmd: getPlatforms
Cmd: compileSnippet
  api=5 type=0 insize=4597 outsize=3339 kw= pd=UNITY_NO_DXT5nm UNITY_NO_RGBM UNITY_NO_SCREENSPACE_SHADOWS UNITY_NO_LINEAR_COLORSPACE ok=1
Cmd: compileSnippet
  api=5 type=1 insize=4597 outsize=6 kw= pd=UNITY_NO_DXT5nm UNITY_NO_RGBM UNITY_NO_SCREENSPACE_SHADOWS UNITY_NO_LINEAR_COLORSPACE ok=1
Cmd: compileSnippet
  api=9 type=1 insize=4597 outsize=7 kw=SPOT pd=UNITY_NO_DXT5nm UNITY_NO_RGBM UNITY_NO_SCREENSPACE_SHADOWS UNITY_NO_LINEAR_COLORSPACE ok=1
Cmd: compileSnippet
  api=5 type=0 insize=1807 outsize=1237 kw= pd=UNITY_NO_DXT5nm UNITY_NO_RGBM UNITY_NO_SCREENSPACE_SHADOWS UNITY_NO_LINEAR_COLORSPACE ok=1
Cmd: compileSnippet
  api=5 type=1 insize=1807 outsize=6 kw= pd=UNITY_NO_DXT5nm UNITY_NO_RGBM UNITY_NO_SCREENSPACE_SHADOWS UNITY_NO_LINEAR_COLORSPACE ok=1
Cmd: compileSnippet
  api=5 type=0 insize=2082 outsize=1503 kw= pd=UNITY_NO_DXT5nm UNITY_NO_RGBM UNITY_NO_SCREENSPACE_SHADOWS UNITY_NO_LINEAR_COLORSPACE ok=1
Cmd: compileSnippet
  api=5 type=1 insize=2082 outsize=6 kw= pd=UNITY_NO_DXT5nm UNITY_NO_RGBM UNITY_NO_SCREENSPACE_SHADOWS UNITY_NO_LINEAR_COLORSPACE ok=1
Cmd: compileSnippet
  api=5 type=0 insize=541 outsize=2088 kw=SHADOWS_DEPTH pd=UNITY_NO_DXT5nm UNITY_NO_RGBM UNITY_NO_SCREENSPACE_SHADOWS UNITY_NO_LINEAR_COLORSPACE ok=1
Cmd: compileSnippet
  api=5 type=1 insize=541 outsize=6 kw=SHADOWS_DEPTH pd=UNITY_NO_DXT5nm UNITY_NO_RGBM UNITY_NO_SCREENSPACE_SHADOWS UNITY_NO_LINEAR_COLORSPACE ok=1
Cmd: compileSnippet
  api=5 type=0 insize=6895 outsize=3154 kw=DIRECTIONAL SHADOWS_OFF LIGHTMAP_OFF DIRLIGHTMAP_OFF DYNAMICLIGHTMAP_OFF pd=UNITY_NO_DXT5nm UNITY_NO_RGBM UNITY_NO_SCREENSPACE_SHADOWS UNITY_NO_LINEAR_COLORSPACE ok=1
Cmd: compileSnippet
  api=5 type=0 insize=6895 outsize=5588 kw=DIRECTIONAL SHADOWS_SCREEN LIGHTMAP_OFF DIRLIGHTMAP_OFF DYNAMICLIGHTMAP_OFF VERTEXLIGHT_ON pd=UNITY_NO_DXT5nm UNITY_NO_RGBM UNITY_NO_SCREENSPACE_SHADOWS UNITY_NO_LINEAR_COLORSPACE ok=1
Cmd: compileSnippet
  api=9 type=0 insize=6895 outsize=10375 kw=DIRECTIONAL SHADOWS_SCREEN SHADOWS_NATIVE LIGHTMAP_OFF DIRLIGHTMAP_OFF DYNAMICLIGHTMAP_OFF VERTEXLIGHT_ON pd=UNITY_NO_DXT5nm UNITY_NO_RGBM UNITY_NO_SCREENSPACE_SHADOWS UNITY_NO_LINEAR_COLORSPACE ok=1
Cmd: compileSnippet
  api=5 type=1 insize=6895 outsize=6 kw=DIRECTIONAL SHADOWS_OFF LIGHTMAP_OFF DIRLIGHTMAP_OFF DYNAMICLIGHTMAP_OFF pd=UNITY_NO_DXT5nm UNITY_NO_RGBM UNITY_NO_SCREENSPACE_SHADOWS UNITY_NO_LINEAR_COLORSPACE ok=1
Cmd: compileSnippet
  api=9 type=1 insize=6895 outsize=7 kw=DIRECTIONAL SHADOWS_SCREEN SHADOWS_NATIVE LIGHTMAP_OFF DIRLIGHTMAP_OFF DYNAMICLIGHTMAP_OFF pd=UNITY_NO_DXT5nm UNITY_NO_RGBM UNITY_NO_SCREENSPACE_SHADOWS UNITY_NO_LINEAR_COLORSPACE ok=1
Cmd: compileSnippet
  api=5 type=0 insize=3666 outsize=2687 kw=POINT pd=UNITY_NO_DXT5nm UNITY_NO_RGBM UNITY_NO_SCREENSPACE_SHADOWS UNITY_NO_LINEAR_COLORSPACE ok=1
Cmd: compileSnippet
  api=9 type=0 insize=3666 outsize=8870 kw=POINT_COOKIE pd=UNITY_NO_DXT5nm UNITY_NO_RGBM UNITY_NO_SCREENSPACE_SHADOWS UNITY_NO_LINEAR_COLORSPACE ok=1
Cmd: compileSnippet
  api=5 type=0 insize=3666 outsize=2589 kw=DIRECTIONAL_COOKIE pd=UNITY_NO_DXT5nm UNITY_NO_RGBM UNITY_NO_SCREENSPACE_SHADOWS UNITY_NO_LINEAR_COLORSPACE ok=1
Cmd: compileSnippet
  api=5 type=1 insize=3666 outsize=6 kw=POINT pd=UNITY_NO_DXT5nm UNITY_NO_RGBM UNITY_NO_SCREENSPACE_SHADOWS UNITY_NO_LINEAR_COLORSPACE ok=1
Cmd: compileSnippet
  api=5 type=1 insize=3666 outsize=6 kw=SPOT pd=UNITY_NO_DXT5nm UNITY_NO_RGBM UNITY_NO_SCREENSPACE_SHADOWS UNITY_NO_LINEAR_COLORSPACE ok=1
Cmd: compileSnippet
  api=9 type=1 insize=3666 outsize=7 kw=DIRECTIONAL_COOKIE pd=UNITY_NO_DXT5nm UNITY_NO_RGBM UNITY_NO_SCREENSPACE_SHADOWS UNITY_NO_LINEAR_COLORSPACE ok=1
Cmd: compileSnippet
  api=5 type=0 insize=2873 outsize=1329 kw= pd=UNITY_NO_DXT5nm UNITY_NO_RGBM UNITY_NO_SCREENSPACE_SHADOWS UNITY_NO_LINEAR_COLORSPACE ok=1
Cmd: compileSnippet
  api=5 type=1 insize=2873 outsize=6 kw= pd=UNITY_NO_DXT5nm UNITY_NO_RGBM UNITY_NO_SCREENSPACE_SHADOWS UNITY_NO_LINEAR_COLORSPACE ok=1
Cmd: compileSnippet
  api=5 type=0 insize=5933 outsize=3323 kw=LIGHTMAP_OFF DIRLIGHTMAP_OFF DYNAMICLIGHTMAP_OFF HDR_LIGHT_PREPASS_OFF pd=UNITY_NO_DXT5nm UNITY_NO_RGBM UNITY_NO_SCREENSPACE_SHADOWS UNITY_NO_LINEAR_COLORSPACE ok=1
Cmd: compileSnippet
  api=5 type=1 insize=5933 outsize=6 kw=LIGHTMAP_OFF DIRLIGHTMAP_OFF DYNAMICLIGHTMAP_OFF HDR_LIGHT_PREPASS_OFF pd=UNITY_NO_DXT5nm UNITY_NO_RGBM UNITY_NO_SCREENSPACE_SHADOWS UNITY_NO_LINEAR_COLORSPACE ok=1
Cmd: compileSnippet
  api=5 type=0 insize=1275 outsize=3535 kw=POINT SHADOWS_OFF pd=UNITY_NO_DXT5nm UNITY_NO_RGBM UNITY_NO_SCREENSPACE_SHADOWS UNITY_NO_LINEAR_COLORSPACE ok=1
Cmd: compileSnippet
  api=9 type=0 insize=1275 outsize=10207 kw=SPOT SHADOWS_OFF pd=UNITY_NO_DXT5nm UNITY_NO_RGBM UNITY_NO_SCREENSPACE_SHADOWS UNITY_NO_LINEAR_COLORSPACE ok=1
Cmd: compileSnippet
  api=5 type=0 insize=1275 outsize=4802 kw=SPOT SHADOWS_DEPTH SHADOWS_NONATIVE pd=UNITY_NO_DXT5nm UNITY_NO_RGBM UNITY_NO_SCREENSPACE_SHADOWS UNITY_NO_LINEAR_COLORSPACE ok=1
Cmd: compileSnippet
  api=5 type=0 insize=1275 outsize=4133 kw=POINT SHADOWS_CUBE pd=UNITY_NO_DXT5nm UNITY_NO_RGBM UNITY_NO_SCREENSPACE_SHADOWS UNITY_NO_LINEAR_COLORSPACE ok=1
Cmd: compileSnippet
  api=5 type=0 insize=1275 outsize=5884 kw=SPOT SHADOWS_DEPTH SHADOWS_SOFT SHADOWS_NONATIVE pd=UNITY_NO_DXT5nm UNITY_NO_RGBM UNITY_NO_SCREENSPACE_SHADOWS UNITY_NO_LINEAR_COLORSPACE ok=1
Cmd: compileSnippet
  api=9 type=0 insize=1275 outsize=11067 kw=POINT SHADOWS_CUBE SHADOWS_SOFT pd=UNITY_NO_DXT5nm UNITY_NO_RGBM UNITY_NO_SCREENSPACE_SHADOWS UNITY_NO_LINEAR_COLORSPACE ok=1
Cmd: compileSnippet
  api=5 type=0 insize=1275 outsize=3669 kw=DIRECTIONAL SHADOWS_SCREEN SHADOWS_NATIVE pd=UNITY_NO_DXT5nm UNITY_NO_RGBM UNITY_NO_SCREENSPACE_SHADOWS UNITY_NO_LINEAR_COLORSPACE ok=1
Cmd: compileSnippet
  api=9 type=0 insize=1275 outsize=10047 kw=DIRECTIONAL_COOKIE SHADOWS_SCREEN SHADOWS_NATIVE pd=UNITY_NO_DXT5nm UNITY_NO_RGBM UNITY_NO_SCREENSPACE_SHADOWS UNITY_NO_LINEAR_COLORSPACE ok=1
Cmd: compileSnippet
  api=5 type=1 insize=1275 outsize=6 kw=POINT SHADOWS_OFF pd=UNITY_NO_DXT5nm UNITY_NO_RGBM UNITY_NO_SCREENSPACE_SHADOWS UNITY_NO_LINEAR_COLORSPACE ok=1
Cmd: compileSnippet
  api=5 type=1 insize=1275 outsize=6 kw=SPOT SHADOWS_OFF pd=UNITY_NO_DXT5nm UNITY_NO_RGBM UNITY_NO_SCREENSPACE_SHADOWS UNITY_NO_LINEAR_COLORSPACE ok=1
Cmd: compileSnippet
  api=5 type=1 insize=1275 outsize=6 kw=DIRECTIONAL_COOKIE SHADOWS_OFF pd=UNITY_NO_DXT5nm UNITY_NO_RGBM UNITY_NO_SCREENSPACE_SHADOWS UNITY_NO_LINEAR_COLORSPACE ok=1
Cmd: compileSnippet
  api=9 type=1 insize=1275 outsize=7 kw=SPOT SHADOWS_DEPTH SHADOWS_NATIVE pd=UNITY_NO_DXT5nm UNITY_NO_RGBM UNITY_NO_SCREENSPACE_SHADOWS UNITY_NO_LINEAR_COLORSPACE ok=1
Cmd: compileSnippet
  api=9 type=1 insize=1275 outsize=7 kw=POINT SHADOWS_CUBE pd=UNITY_NO_DXT5nm UNITY_NO_RGBM UNITY_NO_SCREENSPACE_SHADOWS UNITY_NO_LINEAR_COLORSPACE ok=1
Cmd: compileSnippet
  api=5 type=1 insize=1275 outsize=6 kw=SPOT SHADOWS_DEPTH SHADOWS_SOFT SHADOWS_NATIVE pd=UNITY_NO_DXT5nm UNITY_NO_RGBM UNITY_NO_SCREENSPACE_SHADOWS UNITY_NO_LINEAR_COLORSPACE ok=1
Cmd: compileSnippet
  api=9 type=1 insize=1275 outsize=7 kw=POINT SHADOWS_CUBE SHADOWS_SOFT pd=UNITY_NO_DXT5nm UNITY_NO_RGBM UNITY_NO_SCREENSPACE_SHADOWS UNITY_NO_LINEAR_COLORSPACE ok=1
Cmd: compileSnippet
  api=9 type=1 insize=1275 outsize=7 kw=DIRECTIONAL SHADOWS_SCREEN SHADOWS_NATIVE pd=UNITY_NO_DXT5nm UNITY_NO_RGBM UNITY_NO_SCREENSPACE_SHADOWS UNITY_NO_LINEAR_COLORSPACE ok=1
Cmd: compileSnippet
  api=5 type=0 insize=1268 outsize=3475 kw=POINT SHADOWS_OFF pd=UNITY_NO_DXT5nm UNITY_NO_RGBM UNITY_NO_SCREENSPACE_SHADOWS UNITY_NO_LINEAR_COLORSPACE ok=1
Cmd: compileSnippet
  api=5 type=0 insize=1268 outsize=3850 kw=SPOT SHADOWS_OFF pd=UNITY_NO_DXT5nm UNITY_NO_RGBM UNITY_NO_SCREENSPACE_SHADOWS UNITY_NO_LINEAR_COLORSPACE ok=1
Cmd: compileSnippet
  api=5 type=0 insize=1268 outsize=3472 kw=DIRECTIONAL_COOKIE SHADOWS_OFF pd=UNITY_NO_DXT5nm UNITY_NO_RGBM UNITY_NO_SCREENSPACE_SHADOWS UNITY_NO_LINEAR_COLORSPACE ok=1
Cmd: compileSnippet
  api=9 type=0 insize=1268 outsize=10910 kw=SPOT SHADOWS_DEPTH SHADOWS_NATIVE pd=UNITY_NO_DXT5nm UNITY_NO_RGBM UNITY_NO_SCREENSPACE_SHADOWS UNITY_NO_LINEAR_COLORSPACE ok=1
Cmd: compileSnippet
  api=9 type=0 insize=1268 outsize=10177 kw=POINT SHADOWS_CUBE pd=UNITY_NO_DXT5nm UNITY_NO_RGBM UNITY_NO_SCREENSPACE_SHADOWS UNITY_NO_LINEAR_COLORSPACE ok=1
Cmd: compileSnippet
  api=5 type=0 insize=1268 outsize=5592 kw=SPOT SHADOWS_DEPTH SHADOWS_SOFT SHADOWS_NATIVE pd=UNITY_NO_DXT5nm UNITY_NO_RGBM UNITY_NO_SCREENSPACE_SHADOWS UNITY_NO_LINEAR_COLORSPACE ok=1
Cmd: compileSnippet
  api=9 type=0 insize=1268 outsize=11019 kw=POINT SHADOWS_CUBE SHADOWS_SOFT pd=UNITY_NO_DXT5nm UNITY_NO_RGBM UNITY_NO_SCREENSPACE_SHADOWS UNITY_NO_LINEAR_COLORSPACE ok=1
Cmd: compileSnippet
  api=9 type=0 insize=1268 outsize=9696 kw=DIRECTIONAL SHADOWS_SCREEN SHADOWS_NATIVE pd=UNITY_NO_DXT5nm UNITY_NO_RGBM UNITY_NO_SCREENSPACE_SHADOWS UNITY_NO_LINEAR_COLORSPACE ok=1
Cmd: compileSnippet
  api=5 type=1 insize=1268 outsize=6 kw=POINT SHADOWS_OFF pd=UNITY_NO_DXT5nm UNITY_NO_RGBM UNITY_NO_SCREENSPACE_SHADOWS UNITY_NO_LINEAR_COLORSPACE ok=1
Cmd: compileSnippet
  api=5 type=1 insize=1268 outsize=6 kw=SPOT SHADOWS_OFF pd=UNITY_NO_DXT5nm UNITY_NO_RGBM UNITY_NO_SCREENSPACE_SHADOWS UNITY_NO_LINEAR_COLORSPACE ok=1
Cmd: compileSnippet
  api=5 type=1 insize=1268 outsize=6 kw=DIRECTIONAL_COOKIE SHADOWS_OFF pd=UNITY_NO_DXT5nm UNITY_NO_RGBM UNITY_NO_SCREENSPACE_SHADOWS UNITY_NO_LINEAR_COLORSPACE ok=1
Cmd: compileSnippet
  api=9 type=1 insize=1268 outsize=7 kw=SPOT SHADOWS_DEPTH SHADOWS_NATIVE pd=UNITY_NO_DXT5nm UNITY_NO_RGBM UNITY_NO_SCREENSPACE_SHADOWS UNITY_NO_LINEAR_COLORSPACE ok=1
Cmd: compileSnippet
  api=9 type=1 insize=1268 outsize=7 kw=POINT SHADOWS_CUBE pd=UNITY_NO_DXT5nm UNITY_NO_RGBM UNITY_NO_SCREENSPACE_SHADOWS UNITY_NO_LINEAR_COLORSPACE ok=1
Cmd: compileSnippet
  api=5 type=1 insize=1268 outsize=6 kw=SPOT SHADOWS_DEPTH SHADOWS_SOFT SHADOWS_NATIVE pd=UNITY_NO_DXT5nm UNITY_NO_RGBM UNITY_NO_SCREENSPACE_SHADOWS UNITY_NO_LINEAR_COLORSPACE ok=1
Cmd: compileSnippet
  api=9 type=1 insize=1268 outsize=7 kw=POINT_COOKIE SHADOWS_CUBE SHADOWS_SOFT pd=UNITY_NO_DXT5nm UNITY_NO_RGBM UNITY_NO_SCREENSPACE_SHADOWS UNITY_NO_LINEAR_COLORSPACE ok=1
Cmd: compileSnippet
  api=5 type=1 insize=1268 outsize=6 kw=DIRECTIONAL_COOKIE SHADOWS_SCREEN SHADOWS_NATIVE pd=UNITY_NO_DXT5nm UNITY_NO_RGBM UNITY_NO_SCREENSPACE_SHADOWS UNITY_NO_LINEAR_COLORSPACE ok=1
Cmd: compileSnippet
  api=5 type=0 insize=1273 outsize=3480 kw=POINT SHADOWS_OFF pd=UNITY_NO_DXT5nm UNITY_NO_RGBM UNITY_NO_SCREENSPACE_SHADOWS UNITY_NO_LINEAR_COLORSPACE ok=1
Cmd: compileSnippet
  api=5 type=0 insize=1273 outsize=3855 kw=SPOT SHADOWS_OFF pd=UNITY_NO_DXT5nm UNITY_NO_RGBM UNITY_NO_SCREENSPACE_SHADOWS UNITY_NO_LINEAR_COLORSPACE ok=1
Cmd: compileSnippet
  api=5 type=0 insize=1273 outsize=3477 kw=DIRECTIONAL_COOKIE SHADOWS_OFF pd=UNITY_NO_DXT5nm UNITY_NO_RGBM UNITY_NO_SCREENSPACE_SHADOWS UNITY_NO_LINEAR_COLORSPACE ok=1
Cmd: compileSnippet
  api=9 type=0 insize=1273 outsize=10910 kw=SPOT SHADOWS_DEPTH SHADOWS_NATIVE pd=UNITY_NO_DXT5nm UNITY_NO_RGBM UNITY_NO_SCREENSPACE_SHADOWS UNITY_NO_LINEAR_COLORSPACE ok=1
Cmd: compileSnippet
  api=9 type=0 insize=1273 outsize=10177 kw=POINT SHADOWS_CUBE pd=UNITY_NO_DXT5nm UNITY_NO_RGBM UNITY_NO_SCREENSPACE_SHADOWS UNITY_NO_LINEAR_COLORSPACE ok=1
Cmd: compileSnippet
  api=5 type=0 insize=1273 outsize=5597 kw=SPOT SHADOWS_DEPTH SHADOWS_SOFT SHADOWS_NATIVE pd=UNITY_NO_DXT5nm UNITY_NO_RGBM UNITY_NO_SCREENSPACE_SHADOWS UNITY_NO_LINEAR_COLORSPACE ok=1
Cmd: compileSnippet
  api=5 type=0 insize=1273 outsize=5628 kw=POINT_COOKIE SHADOWS_CUBE SHADOWS_SOFT pd=UNITY_NO_DXT5nm UNITY_NO_RGBM UNITY_NO_SCREENSPACE_SHADOWS UNITY_NO_LINEAR_COLORSPACE ok=1
Cmd: compileSnippet
  api=5 type=1 insize=1273 outsize=6 kw=POINT SHADOWS_OFF pd=UNITY_NO_DXT5nm UNITY_NO_RGBM UNITY_NO_SCREENSPACE_SHADOWS UNITY_NO_LINEAR_COLORSPACE ok=1
Cmd: compileSnippet
  api=5 type=1 insize=1273 outsize=6 kw=SPOT SHADOWS_OFF pd=UNITY_NO_DXT5nm UNITY_NO_RGBM UNITY_NO_SCREENSPACE_SHADOWS UNITY_NO_LINEAR_COLORSPACE ok=1
Cmd: compileSnippet
  api=5 type=1 insize=1273 outsize=6 kw=DIRECTIONAL_COOKIE SHADOWS_OFF pd=UNITY_NO_DXT5nm UNITY_NO_RGBM UNITY_NO_SCREENSPACE_SHADOWS UNITY_NO_LINEAR_COLORSPACE ok=1
Cmd: compileSnippet
  api=9 type=1 insize=1273 outsize=7 kw=SPOT SHADOWS_DEPTH SHADOWS_NATIVE pd=UNITY_NO_DXT5nm UNITY_NO_RGBM UNITY_NO_SCREENSPACE_SHADOWS UNITY_NO_LINEAR_COLORSPACE ok=1
Cmd: compileSnippet
  api=9 type=1 insize=1273 outsize=7 kw=POINT SHADOWS_CUBE pd=UNITY_NO_DXT5nm UNITY_NO_RGBM UNITY_NO_SCREENSPACE_SHADOWS UNITY_NO_LINEAR_COLORSPACE ok=1
Cmd: compileSnippet
  api=5 type=1 insize=1273 outsize=6 kw=SPOT SHADOWS_DEPTH SHADOWS_SOFT SHADOWS_NATIVE pd=UNITY_NO_DXT5nm UNITY_NO_RGBM UNITY_NO_SCREENSPACE_SHADOWS UNITY_NO_LINEAR_COLORSPACE ok=1
Cmd: compileSnippet
  api=5 type=1 insize=1273 outsize=6 kw=POINT_COOKIE SHADOWS_CUBE SHADOWS_SOFT pd=UNITY_NO_DXT5nm UNITY_NO_RGBM UNITY_NO_SCREENSPACE_SHADOWS UNITY_NO_LINEAR_COLORSPACE ok=1
Cmd: compileSnippet
  api=5 type=1 insize=1273 outsize=6 kw=DIRECTIONAL_COOKIE SHADOWS_SCREEN SHADOWS_NATIVE pd=UNITY_NO_DXT5nm UNITY_NO_RGBM UNITY_NO_SCREENSPACE_SHADOWS UNITY_NO_LINEAR_COLORSPACE ok=1
Cmd: compileSnippet
  api=5 type=0 insize=1934 outsize=4085 kw=POINT SHADOWS_OFF pd=UNITY_NO_DXT5nm UNITY_NO_RGBM UNITY_NO_SCREENSPACE_SHADOWS UNITY_NO_LINEAR_COLORSPACE ok=1
Cmd: compileSnippet
  api=9 type=0 insize=1934 outsize=11004 kw=POINT_COOKIE SHADOWS_OFF pd=UNITY_NO_DXT5nm UNITY_NO_RGBM UNITY_NO_SCREENSPACE_SHADOWS UNITY_NO_LINEAR_COLORSPACE ok=1
Cmd: compileSnippet
  api=9 type=0 insize=1934 outsize=10621 kw=DIRECTIONAL_COOKIE SHADOWS_OFF pd=UNITY_NO_DXT5nm UNITY_NO_RGBM UNITY_NO_SCREENSPACE_SHADOWS UNITY_NO_LINEAR_COLORSPACE ok=1
Cmd: compileSnippet
  api=9 type=0 insize=1934 outsize=12007 kw=SPOT SHADOWS_DEPTH SHADOWS_NATIVE pd=UNITY_NO_DXT5nm UNITY_NO_RGBM UNITY_NO_SCREENSPACE_SHADOWS UNITY_NO_LINEAR_COLORSPACE ok=1
Cmd: compileSnippet
  api=5 type=0 insize=1934 outsize=4633 kw=POINT SHADOWS_CUBE pd=UNITY_NO_DXT5nm UNITY_NO_RGBM UNITY_NO_SCREENSPACE_SHADOWS UNITY_NO_LINEAR_COLORSPACE ok=1
Cmd: compileSnippet
  api=5 type=0 insize=1934 outsize=6375 kw=SPOT SHADOWS_DEPTH SHADOWS_SOFT SHADOWS_NATIVE pd=UNITY_NO_DXT5nm UNITY_NO_RGBM UNITY_NO_SCREENSPACE_SHADOWS UNITY_NO_LINEAR_COLORSPACE ok=1
Cmd: compileSnippet
  api=9 type=0 insize=1934 outsize=12220 kw=POINT_COOKIE SHADOWS_CUBE SHADOWS_SOFT pd=UNITY_NO_DXT5nm UNITY_NO_RGBM UNITY_NO_SCREENSPACE_SHADOWS UNITY_NO_LINEAR_COLORSPACE ok=1
Cmd: compileSnippet
  api=5 type=0 insize=1934 outsize=4702 kw=DIRECTIONAL_COOKIE SHADOWS_SCREEN SHADOWS_NATIVE pd=UNITY_NO_DXT5nm UNITY_NO_RGBM UNITY_NO_SCREENSPACE_SHADOWS UNITY_NO_LINEAR_COLORSPACE ok=1
Cmd: compileSnippet
  api=5 type=0 insize=1934 outsize=3589 kw=DIRECTIONAL SHADOWS_OFF UNITY_HDR_ON pd=UNITY_NO_DXT5nm UNITY_NO_RGBM UNITY_NO_SCREENSPACE_SHADOWS UNITY_NO_LINEAR_COLORSPACE ok=1
Cmd: compileSnippet
  api=9 type=0 insize=1934 outsize=10966 kw=POINT_COOKIE SHADOWS_OFF UNITY_HDR_ON pd=UNITY_NO_DXT5nm UNITY_NO_RGBM UNITY_NO_SCREENSPACE_SHADOWS UNITY_NO_LINEAR_COLORSPACE ok=1
Cmd: compileSnippet
  api=5 type=0 insize=1934 outsize=5409 kw=SPOT SHADOWS_DEPTH UNITY_HDR_ON SHADOWS_NONATIVE pd=UNITY_NO_DXT5nm UNITY_NO_RGBM UNITY_NO_SCREENSPACE_SHADOWS UNITY_NO_LINEAR_COLORSPACE ok=1
Cmd: compileSnippet
  api=5 type=0 insize=1934 outsize=4592 kw=DIRECTIONAL_COOKIE SHADOWS_SCREEN UNITY_HDR_ON pd=UNITY_NO_DXT5nm UNITY_NO_RGBM UNITY_NO_SCREENSPACE_SHADOWS UNITY_NO_LINEAR_COLORSPACE ok=1
Cmd: compileSnippet
  api=9 type=0 insize=1934 outsize=11375 kw=POINT_COOKIE SHADOWS_CUBE UNITY_HDR_ON pd=UNITY_NO_DXT5nm UNITY_NO_RGBM UNITY_NO_SCREENSPACE_SHADOWS UNITY_NO_LINEAR_COLORSPACE ok=1
Cmd: compileSnippet
  api=5 type=0 insize=1934 outsize=5754 kw=POINT SHADOWS_CUBE SHADOWS_SOFT UNITY_HDR_ON pd=UNITY_NO_DXT5nm UNITY_NO_RGBM UNITY_NO_SCREENSPACE_SHADOWS UNITY_NO_LINEAR_COLORSPACE ok=1
Cmd: compileSnippet
  api=5 type=0 insize=1934 outsize=4283 kw=DIRECTIONAL SHADOWS_SCREEN SHADOWS_NATIVE UNITY_HDR_ON pd=UNITY_NO_DXT5nm UNITY_NO_RGBM UNITY_NO_SCREENSPACE_SHADOWS UNITY_NO_LINEAR_COLORSPACE ok=1
Cmd: compileSnippet
  api=5 type=1 insize=1934 outsize=6 kw=POINT SHADOWS_OFF pd=UNITY_NO_DXT5nm UNITY_NO_RGBM UNITY_NO_SCREENSPACE_SHADOWS UNITY_NO_LINEAR_COLORSPACE ok=1
Cmd: compileSnippet
  api=5 type=1 insize=1934 outsize=6 kw=SPOT SHADOWS_OFF pd=UNITY_NO_DXT5nm UNITY_NO_RGBM UNITY_NO_SCREENSPACE_SHADOWS UNITY_NO_LINEAR_COLORSPACE ok=1
Cmd: compileSnippet
  api=9 type=1 insize=1934 outsize=7 kw=DIRECTIONAL_COOKIE SHADOWS_OFF pd=UNITY_NO_DXT5nm UNITY_NO_RGBM UNITY_NO_SCREENSPACE_SHADOWS UNITY_NO_LINEAR_COLORSPACE ok=1
Cmd: compileSnippet
  api=5 type=1 insize=1934 outsize=6 kw=DIRECTIONAL SHADOWS_SCREEN pd=UNITY_NO_DXT5nm UNITY_NO_RGBM UNITY_NO_SCREENSPACE_SHADOWS UNITY_NO_LINEAR_COLORSPACE ok=1
Cmd: compileSnippet
  api=9 type=1 insize=1934 outsize=7 kw=POINT SHADOWS_CUBE pd=UNITY_NO_DXT5nm UNITY_NO_RGBM UNITY_NO_SCREENSPACE_SHADOWS UNITY_NO_LINEAR_COLORSPACE ok=1
Cmd: compileSnippet
  api=9 type=1 insize=1934 outsize=7 kw=SPOT SHADOWS_DEPTH SHADOWS_SOFT SHADOWS_NATIVE pd=UNITY_NO_DXT5nm UNITY_NO_RGBM UNITY_NO_SCREENSPACE_SHADOWS UNITY_NO_LINEAR_COLORSPACE ok=1
Cmd: compileSnippet
  api=9 type=1 insize=1934 outsize=7 kw=POINT_COOKIE SHADOWS_CUBE SHADOWS_SOFT pd=UNITY_NO_DXT5nm UNITY_NO_RGBM UNITY_NO_SCREENSPACE_SHADOWS UNITY_NO_LINEAR_COLORSPACE ok=1
Cmd: compileSnippet
  api=9 type=1 insize=1934 outsize=7 kw=DIRECTIONAL_COOKIE SHADOWS_SCREEN SHADOWS_NATIVE pd=UNITY_NO_DXT5nm UNITY_NO_RGBM UNITY_NO_SCREENSPACE_SHADOWS UNITY_NO_LINEAR_COLORSPACE ok=1
Cmd: compileSnippet
  api=9 type=1 insize=1934 outsize=7 kw=DIRECTIONAL SHADOWS_OFF UNITY_HDR_ON pd=UNITY_NO_DXT5nm UNITY_NO_RGBM UNITY_NO_SCREENSPACE_SHADOWS UNITY_NO_LINEAR_COLORSPACE ok=1
Cmd: compileSnippet
  api=9 type=1 insize=1934 outsize=7 kw=POINT_COOKIE SHADOWS_OFF UNITY_HDR_ON pd=UNITY_NO_DXT5nm UNITY_NO_RGBM UNITY_NO_SCREENSPACE_SHADOWS UNITY_NO_LINEAR_COLORSPACE ok=1
Cmd: compileSnippet
  api=5 type=1 insize=1934 outsize=6 kw=SPOT SHADOWS_DEPTH SHADOWS_NATIVE UNITY_HDR_ON pd=UNITY_NO_DXT5nm UNITY_NO_RGBM UNITY_NO_SCREENSPACE_SHADOWS UNITY_NO_LINEAR_COLORSPACE ok=1
Cmd: compileSnippet
  api=5 type=1 insize=1934 outsize=6 kw=POINT SHADOWS_CUBE UNITY_HDR_ON pd=UNITY_NO_DXT5nm UNITY_NO_RGBM UNITY_NO_SCREENSPACE_SHADOWS UNITY_NO_LINEAR_COLORSPACE ok=1
Cmd: compileSnippet
  api=9 type=1 insize=1934 outsize=7 kw=POINT_COOKIE SHADOWS_CUBE UNITY_HDR_ON pd=UNITY_NO_DXT5nm UNITY_NO_RGBM UNITY_NO_SCREENSPACE_SHADOWS UNITY_NO_LINEAR_COLORSPACE ok=1
Cmd: compileSnippet
  api=5 type=1 insize=1934 outsize=6 kw=POINT SHADOWS_CUBE SHADOWS_SOFT UNITY_HDR_ON pd=UNITY_NO_DXT5nm UNITY_NO_RGBM UNITY_NO_SCREENSPACE_SHADOWS UNITY_NO_LINEAR_COLORSPACE ok=1
Cmd: compileSnippet
  api=9 type=1 insize=1934 outsize=7 kw=POINT_COOKIE SHADOWS_CUBE SHADOWS_SOFT UNITY_HDR_ON pd=UNITY_NO_DXT5nm UNITY_NO_RGBM UNITY_NO_SCREENSPACE_SHADOWS UNITY_NO_LINEAR_COLORSPACE ok=1
Cmd: compileSnippet
  api=5 type=0 insize=683 outsize=514 kw= pd=UNITY_NO_DXT5nm UNITY_NO_RGBM UNITY_NO_SCREENSPACE_SHADOWS UNITY_NO_LINEAR_COLORSPACE ok=1
Cmd: compileSnippet
  api=5 type=1 insize=683 outsize=6 kw= pd=UNITY_NO_DXT5nm UNITY_NO_RGBM UNITY_NO_SCREENSPACE_SHADOWS UNITY_NO_LINEAR_COLORSPACE ok=1
Cmd: compileSnippet
  api=5 type=0 insize=3264 outsize=4428 kw= pd=UNITY_NO_DXT5nm UNITY_NO_RGBM UNITY_NO_SCREENSPACE_SHADOWS UNITY_NO_LINEAR_COLORSPACE ok=1
Cmd: compileSnippet
  api=5 type=1 insize=3264 outsize=6 kw= pd=UNITY_NO_DXT5nm UNITY_NO_RGBM UNITY_NO_SCREENSPACE_SHADOWS UNITY_NO_LINEAR_COLORSPACE ok=1
Cmd: compileSnippet
  api=5 type=0 insize=823 outsize=838 kw= pd=UNITY_NO_DXT5nm UNITY_NO_RGBM UNITY_NO_SCREENSPACE_SHADOWS UNITY_NO_LINEAR_COLORSPACE ok=1
Cmd: compileSnippet
  api=5 type=1 insize=823 outsize=6 kw= pd=UNITY_NO_DXT5nm UNITY_NO_RGBM UNITY_NO_SCREENSPACE_SHADOWS UNITY_NO_LINEAR_COLORSPACE ok=1
Cmd: compileSnippet
  api=5 type=0 insize=1420 outsize=1644 kw= pd=UNITY_NO_DXT5nm UNITY_NO_RGBM UNITY_NO_SCREENSPACE_SHADOWS UNITY_NO_LINEAR_COLORSPACE ok=1
Cmd: compileSnippet
  api=5 type=1 insize=1420 outsize=6 kw= pd=UNITY_NO_DXT5nm UNITY_NO_RGBM UNITY_NO_SCREENSPACE_SHADOWS UNITY_NO_LINEAR_COLORSPACE ok=1
Cmd: compileSnippet
  api=5 type=0 insize=6638 outsize=19556 kw= pd=UNITY_NO_DXT5nm UNITY_NO_RGBM UNITY_NO_SCREENSPACE_SHADOWS UNITY_NO_LINEAR_COLORSPACE ok=1
Cmd: compileSnippet
  api=5 type=1 insize=6638 outsize=6 kw= pd=UNITY_NO_DXT5nm UNITY_NO_RGBM UNITY_NO_SCREENSPACE_SHADOWS UNITY_NO_LINEAR_COLORSPACE ok=1
Cmd: compileSnippet
  api=5 type=0 insize=6638 outsize=691 kw= pd=UNITY_NO_DXT5nm UNITY_NO_RGBM UNITY_NO_SCREENSPACE_SHADOWS UNITY_NO_LINEAR_COLORSPACE ok=1
Cmd: compileSnippet
  api=5 type=1 insize=6638 outsize=6 kw= pd=UNITY_NO_DXT5nm UNITY_NO_RGBM UNITY_NO_SCREENSPACE_SHADOWS UNITY_NO_LINEAR_COLORSPACE ok=1
Cmd: compileSnippet
  api=5 type=0 insize=701 outsize=897 kw= pd=UNITY_NO_DXT5nm UNITY_NO_RGBM UNITY_NO_SCREENSPACE_SHADOWS UNITY_NO_LINEAR_COLORSPACE ok=1
Cmd: compileSnippet
  api=5 type=1 insize=701 outsize=6 kw= pd=UNITY_NO_DXT5nm UNITY_NO_RGBM UNITY_NO_SCREENSPACE_SHADOWS UNITY_NO_LINEAR_COLORSPACE ok=1
Cmd: compileSnippet
  api=5 type=0 insize=701 outsize=589 kw= pd=UNITY_NO_DXT5nm UNITY_NO_RGBM UNITY_NO_SCREENSPACE_SHADOWS UNITY_NO_LINEAR_COLORSPACE ok=1
Cmd: compileSnippet
  api=5 type=1 insize=701 outsize=6 kw= pd=UNITY_NO_DXT5nm UNITY_NO_RGBM UNITY_NO_SCREENSPACE_SHADOWS UNITY_NO_LINEAR_COLORSPACE ok=1
Cmd: compileSnippet
  api=5 type=0 insize=1032 outsize=1512 kw= pd=UNITY_NO_DXT5nm UNITY_NO_RGBM UNITY_NO_SCREENSPACE_SHADOWS UNITY_NO_LINEAR_COLORSPACE ok=1
Cmd: compileSnippet
  api=5 type=1 insize=1032 outsize=6 kw= pd=UNITY_NO_DXT5nm UNITY_NO_RGBM UNITY_NO_SCREENSPACE_SHADOWS UNITY_NO_LINEAR_COLORSPACE ok=1
Cmd: compileSnippet
  api=5 type=0 insize=1032 outsize=1189 kw= pd=UNITY_NO_DXT5nm UNITY_NO_RGBM UNITY_NO_SCREENSPACE_SHADOWS UNITY_NO_LINEAR_COLORSPACE ok=1
Cmd: compileSnippet
  api=5 type=1 insize=1032 outsize=6 kw= pd=UNITY_NO_DXT5nm UNITY_NO_RGBM UNITY_NO_SCREENSPACE_SHADOWS UNITY_NO_LINEAR_COLORSPACE ok=1
